[2024-07-05 12:20:01] [INFO] Creating HTTP server
[2024-07-05 12:20:01] [INFO] Calculated thread pool size based on CPU cores: 24
[2024-07-05 12:20:01] [INFO] Creating thread pool with 24 threads
[2024-07-05 12:20:01] [INFO] Thread 0 created
[2024-07-05 12:20:01] [DEBUG] Thread 6165164032 acquired lock
[2024-07-05 12:20:01] [DEBUG] Thread 6165164032 waiting for task
[2024-07-05 12:20:01] [INFO] Thread 1 created
[2024-07-05 12:20:01] [DEBUG] Thread 6165737472 acquired lock
[2024-07-05 12:20:01] [DEBUG] Thread 6165737472 waiting for task
[2024-07-05 12:20:01] [INFO] Thread 2 created
[2024-07-05 12:20:01] [DEBUG] Thread 6166310912 acquired lock
[2024-07-05 12:20:01] [DEBUG] Thread 6166310912 waiting for task
[2024-07-05 12:20:01] [INFO] Thread 3 created
[2024-07-05 12:20:01] [DEBUG] Thread 6166884352 acquired lock
[2024-07-05 12:20:01] [DEBUG] Thread 6166884352 waiting for task
[2024-07-05 12:20:01] [INFO] Thread 4 created
[2024-07-05 12:20:01] [DEBUG] Thread 6167457792 acquired lock
[2024-07-05 12:20:01] [DEBUG] Thread 6167457792 waiting for task
[2024-07-05 12:20:01] [INFO] Thread 5 created
[2024-07-05 12:20:01] [DEBUG] Thread 6168031232 acquired lock
[2024-07-05 12:20:01] [DEBUG] Thread 6168031232 waiting for task
[2024-07-05 12:20:01] [INFO] Thread 6 created
[2024-07-05 12:20:01] [DEBUG] Thread 6168604672 acquired lock
[2024-07-05 12:20:01] [DEBUG] Thread 6168604672 waiting for task
[2024-07-05 12:20:01] [INFO] Thread 7 created
[2024-07-05 12:20:01] [DEBUG] Thread 6169178112 acquired lock
[2024-07-05 12:20:01] [DEBUG] Thread 6169178112 waiting for task
[2024-07-05 12:20:01] [INFO] Thread 8 created
[2024-07-05 12:20:01] [DEBUG] Thread 6169751552 acquired lock
[2024-07-05 12:20:01] [DEBUG] Thread 6169751552 waiting for task
[2024-07-05 12:20:01] [INFO] Thread 9 created
[2024-07-05 12:20:01] [DEBUG] Thread 6170324992 acquired lock
[2024-07-05 12:20:01] [DEBUG] Thread 6170324992 waiting for task
[2024-07-05 12:20:01] [INFO] Thread 10 created
[2024-07-05 12:20:01] [DEBUG] Thread 6170898432 acquired lock
[2024-07-05 12:20:01] [DEBUG] Thread 6170898432 waiting for task
[2024-07-05 12:20:01] [INFO] Thread 11 created
[2024-07-05 12:20:01] [DEBUG] Thread 6171471872 acquired lock
[2024-07-05 12:20:01] [INFO] Thread 12 created
[2024-07-05 12:20:01] [DEBUG] Thread 6171471872 waiting for task
[2024-07-05 12:20:01] [INFO] Thread 13 created
[2024-07-05 12:20:01] [DEBUG] Thread 6172045312 acquired lock
[2024-07-05 12:20:01] [DEBUG] Thread 6172045312 waiting for task
[2024-07-05 12:20:01] [INFO] Thread 14 created
[2024-07-05 12:20:01] [DEBUG] Thread 6172618752 acquired lock
[2024-07-05 12:20:01] [DEBUG] Thread 6172618752 waiting for task
[2024-07-05 12:20:01] [DEBUG] Thread 6173765632 acquired lock
[2024-07-05 12:20:01] [DEBUG] Thread 6173765632 waiting for task
[2024-07-05 12:20:01] [INFO] Thread 15 created
[2024-07-05 12:20:01] [DEBUG] Thread 6173192192 acquired lock
[2024-07-05 12:20:01] [DEBUG] Thread 6173192192 waiting for task
[2024-07-05 12:20:01] [INFO] Thread 16 created
[2024-07-05 12:20:01] [DEBUG] Thread 6174339072 acquired lock
[2024-07-05 12:20:01] [DEBUG] Thread 6174339072 waiting for task
[2024-07-05 12:20:01] [INFO] Thread 17 created
[2024-07-05 12:20:01] [DEBUG] Thread 6174912512 acquired lock
[2024-07-05 12:20:01] [DEBUG] Thread 6174912512 waiting for task
[2024-07-05 12:20:01] [INFO] Thread 18 created
[2024-07-05 12:20:01] [DEBUG] Thread 6175485952 acquired lock
[2024-07-05 12:20:01] [DEBUG] Thread 6175485952 waiting for task
[2024-07-05 12:20:01] [INFO] Thread 19 created
[2024-07-05 12:20:01] [DEBUG] Thread 6176059392 acquired lock
[2024-07-05 12:20:01] [DEBUG] Thread 6176059392 waiting for task
[2024-07-05 12:20:01] [INFO] Thread 20 created
[2024-07-05 12:20:01] [DEBUG] Thread 6176632832 acquired lock
[2024-07-05 12:20:01] [DEBUG] Thread 6176632832 waiting for task
[2024-07-05 12:20:01] [INFO] Thread 21 created
[2024-07-05 12:20:01] [DEBUG] Thread 6177206272 acquired lock
[2024-07-05 12:20:01] [DEBUG] Thread 6177206272 waiting for task
[2024-07-05 12:20:01] [INFO] Thread 22 created
[2024-07-05 12:20:01] [DEBUG] Thread 6177779712 acquired lock
[2024-07-05 12:20:01] [DEBUG] Thread 6177779712 waiting for task
[2024-07-05 12:20:01] [INFO] Thread 23 created
[2024-07-05 12:20:01] [INFO] Thread pool created successfully with 24 threads
[2024-07-05 12:20:01] [INFO] HTTP server created with thread pool size: 24
[2024-07-05 12:20:01] [INFO] Creating router
[2024-07-05 12:20:01] [DEBUG] Thread 6178353152 acquired lock
[2024-07-05 12:20:01] [DEBUG] Thread 6178353152 waiting for task
[2024-07-05 12:20:01] [INFO] Router created successfully
[2024-07-05 12:20:01] [INFO] Adding route: GET /
[2024-07-05 12:20:01] [INFO] Route added successfully: GET /
[2024-07-05 12:20:01] [INFO] HTTP server started on port 8080
[2024-07-05 12:20:01] [DEBUG] Waiting for new connection...
[2024-07-05 12:20:09] [INFO] Accepted new connection on socket 5
[2024-07-05 12:20:09] [DEBUG] Adding task to pool with argument 0x12f704270
[2024-07-05 12:20:09] [INFO] Task added to pool with argument 0x12f704270
[2024-07-05 12:20:09] [DEBUG] Waiting for new connection...
[2024-07-05 12:20:09] [DEBUG] Thread 6165164032 released lock
[2024-07-05 12:20:09] [INFO] Thread 6165164032 started task with argument 0x12f704270
[2024-07-05 12:20:09] [INFO] Handling connection on socket 5
[2024-07-05 12:20:09] [INFO] Accepted new connection on socket 6
[2024-07-05 12:20:09] [DEBUG] Adding task to pool with argument 0x12f704270
[2024-07-05 12:20:09] [DEBUG] Read 688 bytes from socket 5
[2024-07-05 12:20:09] [INFO] Parsing HTTP request
[2024-07-05 12:20:09] [INFO] Task added to pool with argument 0x12f704270
[2024-07-05 12:20:09] [INFO] Parsed request line: method=GET, path=/, version=HTTP/1.1
[2024-07-05 12:20:09] [INFO] Added header: Host: localhost:8080
[2024-07-05 12:20:09] [INFO] Added header: Connection: keep-alive
[2024-07-05 12:20:09] [INFO] Added header: sec-ch-ua: "Not/A)Brand";v="8", "Chromium";v="126", "Google Chrome";v="126"
[2024-07-05 12:20:09] [DEBUG] Waiting for new connection...
[2024-07-05 12:20:09] [INFO] Added header: sec-ch-ua-mobile: ?0
[2024-07-05 12:20:09] [DEBUG] Thread 6165737472 released lock
[2024-07-05 12:20:09] [INFO] Thread 6165737472 started task with argument 0x12f704270
[2024-07-05 12:20:09] [INFO] Handling connection on socket 6
[2024-07-05 12:20:09] [INFO] Added header: sec-ch-ua-platform: "macOS"
[2024-07-05 12:20:09] [INFO] Added header: Upgrade-Insecure-Requests: 1
[2024-07-05 12:20:09] [INFO] Added header: User-Agent: Mozilla/5.0 (Macintosh; Intel Mac OS X 10_15_7) AppleWebKit/537.36 (KHTML, like Gecko) Chrome/126.0.0.0 Safari/537.36
[2024-07-05 12:20:09] [INFO] Added header: Accept: text/html,application/xhtml+xml,application/xml;q=0.9,image/avif,image/webp,image/apng,*/*;q=0.8,application/signed-exchange;v=b3;q=0.7
[2024-07-05 12:20:09] [INFO] Added header: Sec-Fetch-Site: none
[2024-07-05 12:20:09] [INFO] Added header: Sec-Fetch-Mode: navigate
[2024-07-05 12:20:09] [INFO] Added header: Sec-Fetch-User: ?1
[2024-07-05 12:20:09] [INFO] Added header: Sec-Fetch-Dest: document
[2024-07-05 12:20:09] [INFO] Added header: Accept-Encoding: gzip, deflate, br, zstd
[2024-07-05 12:20:09] [INFO] Added header: Accept-Language: ko-KR,ko;q=0.9,en-US;q=0.8,en;q=0.7
[2024-07-05 12:20:09] [INFO] Parsed body: 
[2024-07-05 12:20:09] [INFO] Creating HTTP response
[2024-07-05 12:20:09] [INFO] HTTP response created successfully
[2024-07-05 12:20:09] [INFO] Request parsed successfully, handling request
[2024-07-05 12:20:09] [INFO] Handling request: GET /
[2024-07-05 12:20:09] [INFO] Route found, invoking handler: GET /
[2024-07-05 12:20:09] [INFO] Setting HTTP response status: 200 OK
[2024-07-05 12:20:09] [INFO] Adding header to HTTP response: Content-Type: text/plain
[2024-07-05 12:20:09] [INFO] Setting HTTP response body
[2024-07-05 12:20:09] [INFO] Handler executed successfully: GET /
[2024-07-05 12:20:09] [INFO] Converting HTTP response to string
[2024-07-05 12:20:09] [INFO] HTTP response converted to string successfully
[2024-07-05 12:20:09] [DEBUG] Sending response to socket 5
[2024-07-05 12:20:09] [INFO] Destroying HTTP request
[2024-07-05 12:20:09] [INFO] HTTP request destroyed successfully
[2024-07-05 12:20:09] [INFO] Destroying HTTP response
[2024-07-05 12:20:09] [INFO] HTTP response destroyed successfully
[2024-07-05 12:20:09] [INFO] Connection closed on socket 5
[2024-07-05 12:20:09] [INFO] Thread 6165164032 finished task with argument 0x12f704270
[2024-07-05 12:20:09] [DEBUG] Thread 6165164032 freed task memory
[2024-07-05 12:20:09] [DEBUG] Thread 6165164032 acquired lock
[2024-07-05 12:20:09] [DEBUG] Thread 6165164032 waiting for task
[2024-07-05 12:21:00] [DEBUG] Read 714 bytes from socket 6
[2024-07-05 12:21:00] [INFO] Parsing HTTP request
[2024-07-05 12:21:00] [INFO] Accepted new connection on socket 5
[2024-07-05 12:21:00] [DEBUG] Adding task to pool with argument 0x12f605fb0
[2024-07-05 12:21:00] [INFO] Task added to pool with argument 0x12f605fb0
[2024-07-05 12:21:00] [DEBUG] Waiting for new connection...
[2024-07-05 12:21:00] [DEBUG] Thread 6166310912 released lock
[2024-07-05 12:21:00] [INFO] Thread 6166310912 started task with argument 0x12f605fb0
[2024-07-05 12:21:00] [INFO] Handling connection on socket 5
[2024-07-05 12:21:00] [INFO] Parsed request line: method=GET, path=/, version=HTTP/1.1
[2024-07-05 12:21:00] [INFO] Added header: Host: localhost:8080
[2024-07-05 12:21:00] [INFO] Added header: Connection: keep-alive
[2024-07-05 12:21:00] [INFO] Added header: Cache-Control: max-age=0
[2024-07-05 12:21:00] [INFO] Added header: sec-ch-ua: "Not/A)Brand";v="8", "Chromium";v="126", "Google Chrome";v="126"
[2024-07-05 12:21:00] [INFO] Added header: sec-ch-ua-mobile: ?0
[2024-07-05 12:21:00] [INFO] Added header: sec-ch-ua-platform: "macOS"
[2024-07-05 12:21:00] [INFO] Added header: Upgrade-Insecure-Requests: 1
[2024-07-05 12:21:00] [INFO] Added header: User-Agent: Mozilla/5.0 (Macintosh; Intel Mac OS X 10_15_7) AppleWebKit/537.36 (KHTML, like Gecko) Chrome/126.0.0.0 Safari/537.36
[2024-07-05 12:21:00] [INFO] Added header: Accept: text/html,application/xhtml+xml,application/xml;q=0.9,image/avif,image/webp,image/apng,*/*;q=0.8,application/signed-exchange;v=b3;q=0.7
[2024-07-05 12:21:00] [INFO] Added header: Sec-Fetch-Site: none
[2024-07-05 12:21:00] [INFO] Added header: Sec-Fetch-Mode: navigate
[2024-07-05 12:21:00] [INFO] Added header: Sec-Fetch-User: ?1
[2024-07-05 12:21:00] [INFO] Added header: Sec-Fetch-Dest: document
[2024-07-05 12:21:00] [INFO] Added header: Accept-Encoding: gzip, deflate, br, zstd
[2024-07-05 12:21:00] [INFO] Added header: Accept-Language: ko-KR,ko;q=0.9,en-US;q=0.8,en;q=0.7
[2024-07-05 12:21:00] [INFO] Parsed body: 
[2024-07-05 12:21:00] [INFO] Creating HTTP response
[2024-07-05 12:21:00] [INFO] HTTP response created successfully
[2024-07-05 12:21:00] [INFO] Request parsed successfully, handling request
[2024-07-05 12:21:00] [INFO] Handling request: GET /
[2024-07-05 12:21:00] [INFO] Route found, invoking handler: GET /
[2024-07-05 12:21:00] [INFO] Setting HTTP response status: 200 OK
[2024-07-05 12:21:00] [INFO] Adding header to HTTP response: Content-Type: text/plain
[2024-07-05 12:21:00] [INFO] Setting HTTP response body
[2024-07-05 12:21:00] [INFO] Handler executed successfully: GET /
[2024-07-05 12:21:00] [INFO] Converting HTTP response to string
[2024-07-05 12:21:00] [INFO] HTTP response converted to string successfully
[2024-07-05 12:21:00] [DEBUG] Sending response to socket 6
[2024-07-05 12:21:00] [INFO] Destroying HTTP request
[2024-07-05 12:21:00] [INFO] HTTP request destroyed successfully
[2024-07-05 12:21:00] [INFO] Destroying HTTP response
[2024-07-05 12:21:00] [INFO] HTTP response destroyed successfully
[2024-07-05 12:21:00] [INFO] Connection closed on socket 6
[2024-07-05 12:21:00] [INFO] Thread 6165737472 finished task with argument 0x12f704270
[2024-07-05 12:21:00] [DEBUG] Thread 6165737472 freed task memory
[2024-07-05 12:21:00] [DEBUG] Thread 6165737472 acquired lock
[2024-07-05 12:21:00] [DEBUG] Thread 6165737472 waiting for task
[2024-07-05 12:24:06] [DEBUG] Read 0 bytes from socket 5
[2024-07-05 12:24:06] [WARN] Failed to read from socket 5
[2024-07-05 12:24:06] [INFO] Connection closed on socket 5
[2024-07-05 12:24:06] [INFO] Thread 6166310912 finished task with argument 0x12f605fb0
[2024-07-05 12:24:06] [DEBUG] Thread 6166310912 freed task memory
[2024-07-05 12:24:06] [DEBUG] Thread 6166310912 acquired lock
[2024-07-05 12:24:06] [DEBUG] Thread 6166310912 waiting for task
